[08Jan2024 03:23:49.396] [main/INFO] [cpw.mods.modlauncher.Launcher/MODLAUNCHER]: ModLauncher running: args [--mod, examplemod, --all, --output, X:\GameDev\MinecraftDev\Forge\Minecraft_LockCameraAxes\src\generated\resources, --existing, X:\GameDev\MinecraftDev\Forge\Minecraft_LockCameraAxes\src\main\resources, --gameDir, ., --launchTarget, fmluserdevdata, --fml.mcpVersion, 20210115.111550, --fml.mcVersion, 1.16.5, --fml.forgeGroup, net.minecraftforge, --fml.forgeVersion, 36.2.41, --assetIndex, 1.16, --assetsDir, C:\Users\kevinv\.gradle\caches\forge_gradle\assets]
[08Jan2024 03:23:49.400] [main/INFO] [cpw.mods.modlauncher.Launcher/MODLAUNCHER]: ModLauncher 8.1.3+8.1.3+main-8.1.x.c94d18ec starting: java version 1.8.0_392 by Temurin
[08Jan2024 03:23:49.890] [main/INFO] [net.minecraftforge.fml.loading.FixSSL/CORE]: Added Lets Encrypt root certificates as additional trust
[08Jan2024 03:23:49.954] [main/INFO] [mixin/]: SpongePowered MIXIN Subsystem Version=0.8.4 Source=file:/C:/Users/kevinv/.gradle/caches/modules-2/files-2.1/org.spongepowered/mixin/0.8.4/4ec7d77d9ab32596ca0b78bb123956734767e3a/mixin-0.8.4.jar Service=ModLauncher Env=CLIENT
[08Jan2024 03:23:50.021] [main/WARN] [net.minecraftforge.fml.loading.FMLConfig/CORE]: Configuration file X:\GameDev\MinecraftDev\Forge\Minecraft_LockCameraAxes\run-data\config\fml.toml is not correct. Correcting
[08Jan2024 03:23:50.029] [main/WARN] [net.minecraftforge.fml.loading.FMLConfig/CORE]: Incorrect key [defaultConfigPath] was corrected from null to defaultconfigs
[08Jan2024 03:23:51.820] [main/INFO] [cpw.mods.modlauncher.LaunchServiceHandler/MODLAUNCHER]: Launching target 'fmluserdevdata' with arguments [--gameDir, ., --assetsDir, C:\Users\kevinv\.gradle\caches\forge_gradle\assets, --mod, examplemod, --all, --output, X:\GameDev\MinecraftDev\Forge\Minecraft_LockCameraAxes\src\generated\resources, --existing, X:\GameDev\MinecraftDev\Forge\Minecraft_LockCameraAxes\src\main\resources, --assetIndex, 1.16]
[08Jan2024 03:23:51.903] [main/INFO] [net.minecraftforge.fml.DatagenModLoader/]: Initializing Data Gatherer for mods [examplemod]
[08Jan2024 03:23:59.514] [main/FATAL] [net.minecraftforge.fml.ModLoader/CORE]: Failed to initialize mod containers
net.minecraftforge.fml.ModLoadingException: fml.modloading.missingmetadata
	at net.minecraftforge.fml.ModLoader.lambda$buildModContainerFromTOML$32(ModLoader.java:287) ~[forge-1.16.5-36.2.41_mapped_official_1.16.5.jar:?]
	at java.util.Optional.orElseThrow(Optional.java:290) ~[?:1.8.0_392]
	at net.minecraftforge.fml.ModLoader.buildModContainerFromTOML(ModLoader.java:287) ~[forge-1.16.5-36.2.41_mapped_official_1.16.5.jar:?]
	at net.minecraftforge.fml.ModLoader.lambda$buildMods$29(ModLoader.java:267) ~[forge-1.16.5-36.2.41_mapped_official_1.16.5.jar:?]
	at java.util.stream.ReferencePipeline$3$1.accept(ReferencePipeline.java:193) ~[?:1.8.0_392]
	at java.util.HashMap$EntrySpliterator.forEachRemaining(HashMap.java:1723) ~[?:1.8.0_392]
	at java.util.stream.AbstractPipeline.copyInto(AbstractPipeline.java:482) ~[?:1.8.0_392]
	at java.util.stream.AbstractPipeline.wrapAndCopyInto(AbstractPipeline.java:472) ~[?:1.8.0_392]
	at java.util.stream.ReduceOps$ReduceOp.evaluateSequential(ReduceOps.java:708) ~[?:1.8.0_392]
	at java.util.stream.AbstractPipeline.evaluate(AbstractPipeline.java:234) ~[?:1.8.0_392]
	at java.util.stream.ReferencePipeline.collect(ReferencePipeline.java:566) ~[?:1.8.0_392]
	at net.minecraftforge.fml.ModLoader.buildMods(ModLoader.java:269) ~[forge-1.16.5-36.2.41_mapped_official_1.16.5.jar:?]
	at net.minecraftforge.fml.ModLoader.lambda$gatherAndInitializeMods$11(ModLoader.java:169) ~[forge-1.16.5-36.2.41_mapped_official_1.16.5.jar:?]
	at java.util.stream.ReferencePipeline$3$1.accept(ReferencePipeline.java:193) ~[?:1.8.0_392]
	at java.util.stream.ReferencePipeline$3$1.accept(ReferencePipeline.java:193) ~[?:1.8.0_392]
	at java.util.ArrayList$ArrayListSpliterator.forEachRemaining(ArrayList.java:1384) ~[?:1.8.0_392]
	at java.util.stream.AbstractPipeline.copyInto(AbstractPipeline.java:482) ~[?:1.8.0_392]
	at java.util.stream.AbstractPipeline.wrapAndCopyInto(AbstractPipeline.java:472) ~[?:1.8.0_392]
	at java.util.stream.ReduceOps$ReduceOp.evaluateSequential(ReduceOps.java:708) ~[?:1.8.0_392]
	at java.util.stream.AbstractPipeline.evaluate(AbstractPipeline.java:234) ~[?:1.8.0_392]
	at java.util.stream.ReferencePipeline.collect(ReferencePipeline.java:566) ~[?:1.8.0_392]
	at net.minecraftforge.fml.ModLoader.gatherAndInitializeMods(ModLoader.java:171) ~[forge-1.16.5-36.2.41_mapped_official_1.16.5.jar:?]
	at net.minecraftforge.fml.DatagenModLoader.begin(DatagenModLoader.java:46) ~[forge-1.16.5-36.2.41_mapped_official_1.16.5.jar:?]
	at net.minecraft.data.Main.main(Main.java:45) ~[forge-1.16.5-36.2.41_mapped_official_1.16.5.jar:?]
	at sun.reflect.NativeMethodAccessorImpl.invoke0(Native Method) ~[?:1.8.0_392]
	at sun.reflect.NativeMethodAccessorImpl.invoke(NativeMethodAccessorImpl.java:62) ~[?:1.8.0_392]
	at sun.reflect.DelegatingMethodAccessorImpl.invoke(DelegatingMethodAccessorImpl.java:43) ~[?:1.8.0_392]
	at java.lang.reflect.Method.invoke(Method.java:498) ~[?:1.8.0_392]
	at net.minecraftforge.userdev.FMLUserdevDataLaunchProvider.lambda$launchService$0(FMLUserdevDataLaunchProvider.java:37) ~[forge-1.16.5-36.2.41_mapped_official_1.16.5.jar:?]
	at cpw.mods.modlauncher.LaunchServiceHandlerDecorator.launch(LaunchServiceHandlerDecorator.java:37) [modlauncher-8.1.3.jar:?]
	at cpw.mods.modlauncher.LaunchServiceHandler.launch(LaunchServiceHandler.java:54) [modlauncher-8.1.3.jar:?]
	at cpw.mods.modlauncher.LaunchServiceHandler.launch(LaunchServiceHandler.java:72) [modlauncher-8.1.3.jar:?]
	at cpw.mods.modlauncher.Launcher.run(Launcher.java:82) [modlauncher-8.1.3.jar:?]
	at cpw.mods.modlauncher.Launcher.main(Launcher.java:66) [modlauncher-8.1.3.jar:?]
	at net.minecraftforge.userdev.LaunchTesting.main(LaunchTesting.java:94) [forge-1.16.5-36.2.41_mapped_official_1.16.5.jar:?]
[08Jan2024 03:23:59.561] [main/INFO] [STDERR/]: [java.lang.ThreadGroup:uncaughtException:1052]: java.lang.RuntimeException: java.lang.reflect.InvocationTargetException
[08Jan2024 03:23:59.566] [main/INFO] [STDERR/]: [java.lang.ThreadGroup:uncaughtException:1052]: 	at cpw.mods.modlauncher.LaunchServiceHandlerDecorator.launch(LaunchServiceHandlerDecorator.java:39)
[08Jan2024 03:23:59.567] [main/INFO] [STDERR/]: [java.lang.ThreadGroup:uncaughtException:1052]: 	at cpw.mods.modlauncher.LaunchServiceHandler.launch(LaunchServiceHandler.java:54)
[08Jan2024 03:23:59.567] [main/INFO] [STDERR/]: [java.lang.ThreadGroup:uncaughtException:1052]: 	at cpw.mods.modlauncher.LaunchServiceHandler.launch(LaunchServiceHandler.java:72)
[08Jan2024 03:23:59.567] [main/INFO] [STDERR/]: [java.lang.ThreadGroup:uncaughtException:1052]: 	at cpw.mods.modlauncher.Launcher.run(Launcher.java:82)
[08Jan2024 03:23:59.567] [main/INFO] [STDERR/]: [java.lang.ThreadGroup:uncaughtException:1052]: 	at cpw.mods.modlauncher.Launcher.main(Launcher.java:66)
[08Jan2024 03:23:59.567] [main/INFO] [STDERR/]: [java.lang.ThreadGroup:uncaughtException:1052]: 	at net.minecraftforge.userdev.LaunchTesting.main(LaunchTesting.java:94)
[08Jan2024 03:23:59.567] [main/INFO] [STDERR/]: [java.lang.ThreadGroup:uncaughtException:1061]: Caused by: java.lang.reflect.InvocationTargetException
[08Jan2024 03:23:59.567] [main/INFO] [STDERR/]: [java.lang.ThreadGroup:uncaughtException:1061]: 	at sun.reflect.NativeMethodAccessorImpl.invoke0(Native Method)
[08Jan2024 03:23:59.567] [main/INFO] [STDERR/]: [java.lang.ThreadGroup:uncaughtException:1061]: 	at sun.reflect.NativeMethodAccessorImpl.invoke(NativeMethodAccessorImpl.java:62)
[08Jan2024 03:23:59.568] [main/INFO] [STDERR/]: [java.lang.ThreadGroup:uncaughtException:1061]: 	at sun.reflect.DelegatingMethodAccessorImpl.invoke(DelegatingMethodAccessorImpl.java:43)
[08Jan2024 03:23:59.568] [main/INFO] [STDERR/]: [java.lang.ThreadGroup:uncaughtException:1061]: 	at java.lang.reflect.Method.invoke(Method.java:498)
[08Jan2024 03:23:59.568] [main/INFO] [STDERR/]: [java.lang.ThreadGroup:uncaughtException:1061]: 	at net.minecraftforge.userdev.FMLUserdevDataLaunchProvider.lambda$launchService$0(FMLUserdevDataLaunchProvider.java:37)
[08Jan2024 03:23:59.568] [main/INFO] [STDERR/]: [java.lang.ThreadGroup:uncaughtException:1061]: 	at cpw.mods.modlauncher.LaunchServiceHandlerDecorator.launch(LaunchServiceHandlerDecorator.java:37)
[08Jan2024 03:23:59.568] [main/INFO] [STDERR/]: [java.lang.ThreadGroup:uncaughtException:1061]: 	... 5 more
[08Jan2024 03:23:59.569] [main/INFO] [STDERR/]: [java.lang.Throwable:printStackTrace:644]: Caused by: net.minecraftforge.fml.LoadingFailedException: Loading errors encountered: [
	fml.modloading.missingmetadata
]
[08Jan2024 03:23:59.569] [main/INFO] [STDERR/]: [java.lang.Throwable:printStackTrace:644]: 	at net.minecraftforge.fml.ModLoader.gatherAndInitializeMods(ModLoader.java:176)
[08Jan2024 03:23:59.569] [main/INFO] [STDERR/]: [java.lang.Throwable:printStackTrace:644]: 	at net.minecraftforge.fml.DatagenModLoader.begin(DatagenModLoader.java:46)
[08Jan2024 03:23:59.569] [main/INFO] [STDERR/]: [java.lang.Throwable:printStackTrace:644]: 	at net.minecraft.data.Main.main(Main.java:45)
[08Jan2024 03:23:59.570] [main/INFO] [STDERR/]: [java.lang.Throwable:printStackTrace:644]: 	... 11 more
